<?xml version="1.0" encoding="UTF-8"?>
<!-- Generated by org.testng.reporters.JUnitReportReporter -->
<testsuite hostname="ASUS" failures="0" tests="10" name="com.automation.test.DataDrivenTestWithExcel" time="0.017" errors="0" timestamp="2023-06-02T11:23:45 KGT" skipped="0">
  <testcase classname="com.automation.test.DataDrivenTestWithExcel" name="verifyLoginUnsuccessfulWithInvalidCredentials1" time="0.001"/>
  <system-out/>
  <testcase classname="com.automation.test.DataDrivenTestWithExcel" name="verifyLoginUnsuccessfulWithInvalidCredentials1" time="0.001"/>
  <system-out/>
  <testcase classname="com.automation.test.DataDrivenTestWithExcel" name="verifyLoginUnsuccessfulWithInvalidCredentials1" time="0.009"/>
  <system-out/>
  <testcase classname="com.automation.test.DataDrivenTestWithExcel" name="verifyLoginUnsuccessfulWithInvalidCredentials1" time="0.001"/>
  <system-out/>
  <testcase classname="com.automation.test.DataDrivenTestWithExcel" name="verifyLoginUnsuccessfulWithInvalidCredentials1" time="0.000"/>
  <system-out/>
  <testcase classname="com.automation.test.DataDrivenTestWithExcel" name="verifyLoginUnsuccessfulWithInvalidCredentials1" time="0.000"/>
  <system-out/>
  <testcase classname="com.automation.test.DataDrivenTestWithExcel" name="verifyLoginUnsuccessfulWithInvalidCredentials1" time="0.001"/>
  <system-out/>
  <testcase classname="com.automation.test.DataDrivenTestWithExcel" name="verifyLoginUnsuccessfulWithInvalidCredentials1" time="0.000"/>
  <system-out/>
  <testcase classname="com.automation.test.DataDrivenTestWithExcel" name="verifyLoginUnsuccessfulWithInvalidCredentials1" time="0.001"/>
  <system-out/>
  <testcase classname="com.automation.test.DataDrivenTestWithExcel" name="verifyLoginUnsuccessfulWithInvalidCredentials1" time="0.003"/>
  <system-out/>
</testsuite> <!-- com.automation.test.DataDrivenTestWithExcel -->
