<?xml version="1.0" encoding="UTF-8"?>
<!-- Generated by org.testng.reporters.JUnitReportReporter -->
<testsuite hostname="ASUS" failures="0" tests="5" name="com.automation.test.ExamplePriorityAndDepenedencyTest" time="0.014" errors="0" timestamp="2023-05-31T19:24:44 KGT" skipped="0">
  <testcase classname="com.automation.test.ExamplePriorityAndDepenedencyTest" name="test5" time="0.001"/>
  <system-out/>
  <testcase classname="com.automation.test.ExamplePriorityAndDepenedencyTest" name="test1" time="0.010"/>
  <system-out/>
  <testcase classname="com.automation.test.ExamplePriorityAndDepenedencyTest" name="test2" time="0.001"/>
  <system-out/>
  <testcase classname="com.automation.test.ExamplePriorityAndDepenedencyTest" name="test3" time="0.001"/>
  <system-out/>
  <testcase classname="com.automation.test.ExamplePriorityAndDepenedencyTest" name="test4" time="0.001"/>
  <system-out/>
</testsuite> <!-- com.automation.test.ExamplePriorityAndDepenedencyTest -->
